<?xml version="1.0" encoding="UTF-8"?>
<testsuite name="com.springboot.invoice.controller.InvoiceControllerTest" tests="7" skipped="0" failures="0" errors="0" timestamp="2025-01-16T09:59:38" hostname="LAPTOP-LCU262I0" time="2.728">
  <properties/>
  <testcase name="testGetAllInvoices()" classname="com.springboot.invoice.controller.InvoiceControllerTest" time="2.428"/>
  <testcase name="testPayInvoice()" classname="com.springboot.invoice.controller.InvoiceControllerTest" time="0.142"/>
  <testcase name="testDeleteInvoice()" classname="com.springboot.invoice.controller.InvoiceControllerTest" time="0.03"/>
  <testcase name="testGetInvoiceById()" classname="com.springboot.invoice.controller.InvoiceControllerTest" time="0.032"/>
  <testcase name="testProcessOverdueInvoices()" classname="com.springboot.invoice.controller.InvoiceControllerTest" time="0.028"/>
  <testcase name="testCreateInvoice()" classname="com.springboot.invoice.controller.InvoiceControllerTest" time="0.032"/>
  <testcase name="testUpdatePaymentInvoice()" classname="com.springboot.invoice.controller.InvoiceControllerTest" time="0.027"/>
  <system-out><![CDATA[15:29:39.907 [Test worker] DEBUG _org.springframework.web.servlet.HandlerMapping.Mappings - 
	c.s.i.c.InvoiceController:
	{POST [/invoices/process-overdue]}: processOverdueInvoices()
	{POST [/invoices]}: createInvoice(Invoice)
	{GET [/invoices/{id}]}: getInvoiceById(Long)
	{POST [/invoices/{id}/payments]}: payInvoice(Long,Payment)
	{GET [/invoices]}: getAllInvoices()
	{DELETE [/invoices/{id}]}: deleteInvoice(Long)
	{PUT [/invoices/{id}/payments]}: updatepaymentInvoice(Long,Payment)
15:29:39.923 [Test worker] DEBUG org.springframework.web.servlet.mvc.method.annotation.RequestMappingHandlerMapping - 7 mappings in org.springframework.web.servlet.mvc.method.annotation.RequestMappingHandlerMapping
15:29:40.315 [Test worker] DEBUG org.springframework.web.servlet.mvc.method.annotation.RequestMappingHandlerAdapter - ControllerAdvice beans: 0 @ModelAttribute, 0 @InitBinder, 1 RequestBodyAdvice, 1 ResponseBodyAdvice
15:29:40.378 [Test worker] DEBUG org.springframework.web.servlet.mvc.method.annotation.ExceptionHandlerExceptionResolver - ControllerAdvice beans: 0 @ExceptionHandler, 1 ResponseBodyAdvice
15:29:40.417 [Test worker] INFO org.springframework.mock.web.MockServletContext - Initializing Spring TestDispatcherServlet ''
15:29:40.417 [Test worker] INFO org.springframework.test.web.servlet.TestDispatcherServlet - Initializing Servlet ''
15:29:40.426 [Test worker] DEBUG org.springframework.test.web.servlet.TestDispatcherServlet - Detected AcceptHeaderLocaleResolver
15:29:40.426 [Test worker] DEBUG org.springframework.test.web.servlet.TestDispatcherServlet - Detected FixedThemeResolver
15:29:40.429 [Test worker] DEBUG org.springframework.test.web.servlet.TestDispatcherServlet - Detected org.springframework.web.servlet.view.DefaultRequestToViewNameTranslator@7e53339
15:29:40.429 [Test worker] DEBUG org.springframework.test.web.servlet.TestDispatcherServlet - Detected org.springframework.web.servlet.support.SessionFlashMapManager@58fef7f7
15:29:40.430 [Test worker] DEBUG org.springframework.test.web.servlet.TestDispatcherServlet - enableLoggingRequestDetails='false': request parameters and headers will be masked to prevent unsafe logging of potentially sensitive data
15:29:40.430 [Test worker] INFO org.springframework.test.web.servlet.TestDispatcherServlet - Completed initialization in 13 ms
15:29:40.516 [Test worker] DEBUG org.springframework.test.web.servlet.TestDispatcherServlet - GET "/invoices", parameters={}
15:29:40.526 [Test worker] DEBUG org.springframework.web.servlet.mvc.method.annotation.RequestMappingHandlerMapping - Mapped to com.springboot.invoice.controller.InvoiceController#getAllInvoices()
15:29:40.576 [Test worker] DEBUG org.springframework.web.servlet.mvc.method.annotation.HttpEntityMethodProcessor - Using 'application/json', given [*/*] and supported [application/json, application/*+json]
15:29:40.580 [Test worker] DEBUG org.springframework.web.servlet.mvc.method.annotation.HttpEntityMethodProcessor - Writing [[com.springboot.invoice.model.Invoice@37c41ec0]]
15:29:40.663 [Test worker] DEBUG org.springframework.test.web.servlet.TestDispatcherServlet - Completed 200 OK
15:29:40.693 [Test worker] DEBUG _org.springframework.web.servlet.HandlerMapping.Mappings - 
	c.s.i.c.InvoiceController:
	{POST [/invoices/process-overdue]}: processOverdueInvoices()
	{POST [/invoices]}: createInvoice(Invoice)
	{GET [/invoices/{id}]}: getInvoiceById(Long)
	{POST [/invoices/{id}/payments]}: payInvoice(Long,Payment)
	{GET [/invoices]}: getAllInvoices()
	{DELETE [/invoices/{id}]}: deleteInvoice(Long)
	{PUT [/invoices/{id}/payments]}: updatepaymentInvoice(Long,Payment)
15:29:40.695 [Test worker] DEBUG org.springframework.web.servlet.mvc.method.annotation.RequestMappingHandlerMapping - 7 mappings in org.springframework.web.servlet.mvc.method.annotation.RequestMappingHandlerMapping
15:29:40.701 [Test worker] DEBUG org.springframework.web.servlet.mvc.method.annotation.RequestMappingHandlerAdapter - ControllerAdvice beans: 0 @ModelAttribute, 0 @InitBinder, 1 RequestBodyAdvice, 1 ResponseBodyAdvice
15:29:40.707 [Test worker] DEBUG org.springframework.web.servlet.mvc.method.annotation.ExceptionHandlerExceptionResolver - ControllerAdvice beans: 0 @ExceptionHandler, 1 ResponseBodyAdvice
15:29:40.707 [Test worker] INFO org.springframework.mock.web.MockServletContext - Initializing Spring TestDispatcherServlet ''
15:29:40.707 [Test worker] INFO org.springframework.test.web.servlet.TestDispatcherServlet - Initializing Servlet ''
15:29:40.707 [Test worker] DEBUG org.springframework.test.web.servlet.TestDispatcherServlet - Detected AcceptHeaderLocaleResolver
15:29:40.707 [Test worker] DEBUG org.springframework.test.web.servlet.TestDispatcherServlet - Detected FixedThemeResolver
15:29:40.707 [Test worker] DEBUG org.springframework.test.web.servlet.TestDispatcherServlet - Detected org.springframework.web.servlet.view.DefaultRequestToViewNameTranslator@3bed3315
15:29:40.707 [Test worker] DEBUG org.springframework.test.web.servlet.TestDispatcherServlet - Detected org.springframework.web.servlet.support.SessionFlashMapManager@119b0892
15:29:40.707 [Test worker] DEBUG org.springframework.test.web.servlet.TestDispatcherServlet - enableLoggingRequestDetails='false': request parameters and headers will be masked to prevent unsafe logging of potentially sensitive data
15:29:40.707 [Test worker] INFO org.springframework.test.web.servlet.TestDispatcherServlet - Completed initialization in 0 ms
15:29:40.713 [Test worker] DEBUG org.springframework.test.web.servlet.TestDispatcherServlet - POST "/invoices/1/payments", parameters={}
15:29:40.714 [Test worker] DEBUG org.springframework.web.servlet.mvc.method.annotation.RequestMappingHandlerMapping - Mapped to com.springboot.invoice.controller.InvoiceController#payInvoice(Long, Payment)
15:29:40.795 [Test worker] DEBUG org.springframework.web.servlet.mvc.method.annotation.RequestResponseBodyMethodProcessor - Read "application/json" to [com.springboot.invoice.model.Payment@27be17c8]
15:29:40.822 [Test worker] DEBUG org.springframework.web.servlet.mvc.method.annotation.HttpEntityMethodProcessor - Using 'application/json', given [*/*] and supported [application/json, application/*+json]
15:29:40.822 [Test worker] DEBUG org.springframework.web.servlet.mvc.method.annotation.HttpEntityMethodProcessor - Writing [com.springboot.invoice.model.Invoice@43d3aba5]
15:29:40.823 [Test worker] DEBUG org.springframework.test.web.servlet.TestDispatcherServlet - Completed 200 OK
15:29:40.836 [Test worker] DEBUG _org.springframework.web.servlet.HandlerMapping.Mappings - 
	c.s.i.c.InvoiceController:
	{POST [/invoices/process-overdue]}: processOverdueInvoices()
	{POST [/invoices]}: createInvoice(Invoice)
	{GET [/invoices/{id}]}: getInvoiceById(Long)
	{POST [/invoices/{id}/payments]}: payInvoice(Long,Payment)
	{GET [/invoices]}: getAllInvoices()
	{DELETE [/invoices/{id}]}: deleteInvoice(Long)
	{PUT [/invoices/{id}/payments]}: updatepaymentInvoice(Long,Payment)
15:29:40.838 [Test worker] DEBUG org.springframework.web.servlet.mvc.method.annotation.RequestMappingHandlerMapping - 7 mappings in org.springframework.web.servlet.mvc.method.annotation.RequestMappingHandlerMapping
15:29:40.844 [Test worker] DEBUG org.springframework.web.servlet.mvc.method.annotation.RequestMappingHandlerAdapter - ControllerAdvice beans: 0 @ModelAttribute, 0 @InitBinder, 1 RequestBodyAdvice, 1 ResponseBodyAdvice
15:29:40.847 [Test worker] DEBUG org.springframework.web.servlet.mvc.method.annotation.ExceptionHandlerExceptionResolver - ControllerAdvice beans: 0 @ExceptionHandler, 1 ResponseBodyAdvice
15:29:40.847 [Test worker] INFO org.springframework.mock.web.MockServletContext - Initializing Spring TestDispatcherServlet ''
15:29:40.848 [Test worker] INFO org.springframework.test.web.servlet.TestDispatcherServlet - Initializing Servlet ''
15:29:40.848 [Test worker] DEBUG org.springframework.test.web.servlet.TestDispatcherServlet - Detected AcceptHeaderLocaleResolver
15:29:40.848 [Test worker] DEBUG org.springframework.test.web.servlet.TestDispatcherServlet - Detected FixedThemeResolver
15:29:40.848 [Test worker] DEBUG org.springframework.test.web.servlet.TestDispatcherServlet - Detected org.springframework.web.servlet.view.DefaultRequestToViewNameTranslator@5b9499fe
15:29:40.848 [Test worker] DEBUG org.springframework.test.web.servlet.TestDispatcherServlet - Detected org.springframework.web.servlet.support.SessionFlashMapManager@74d6736
15:29:40.848 [Test worker] DEBUG org.springframework.test.web.servlet.TestDispatcherServlet - enableLoggingRequestDetails='false': request parameters and headers will be masked to prevent unsafe logging of potentially sensitive data
15:29:40.848 [Test worker] INFO org.springframework.test.web.servlet.TestDispatcherServlet - Completed initialization in 0 ms
15:29:40.851 [Test worker] DEBUG org.springframework.test.web.servlet.TestDispatcherServlet - DELETE "/invoices/1", parameters={}
15:29:40.852 [Test worker] DEBUG org.springframework.web.servlet.mvc.method.annotation.RequestMappingHandlerMapping - Mapped to com.springboot.invoice.controller.InvoiceController#deleteInvoice(Long)
15:29:40.854 [Test worker] DEBUG org.springframework.web.servlet.mvc.method.annotation.HttpEntityMethodProcessor - Using 'application/json', given [*/*] and supported [application/json, application/*+json]
15:29:40.855 [Test worker] DEBUG org.springframework.web.servlet.mvc.method.annotation.HttpEntityMethodProcessor - Nothing to write: null body
15:29:40.855 [Test worker] DEBUG org.springframework.test.web.servlet.TestDispatcherServlet - Completed 204 NO_CONTENT
15:29:40.864 [Test worker] DEBUG _org.springframework.web.servlet.HandlerMapping.Mappings - 
	c.s.i.c.InvoiceController:
	{POST [/invoices/process-overdue]}: processOverdueInvoices()
	{POST [/invoices]}: createInvoice(Invoice)
	{GET [/invoices/{id}]}: getInvoiceById(Long)
	{POST [/invoices/{id}/payments]}: payInvoice(Long,Payment)
	{GET [/invoices]}: getAllInvoices()
	{DELETE [/invoices/{id}]}: deleteInvoice(Long)
	{PUT [/invoices/{id}/payments]}: updatepaymentInvoice(Long,Payment)
15:29:40.867 [Test worker] DEBUG org.springframework.web.servlet.mvc.method.annotation.RequestMappingHandlerMapping - 7 mappings in org.springframework.web.servlet.mvc.method.annotation.RequestMappingHandlerMapping
15:29:40.876 [Test worker] DEBUG org.springframework.web.servlet.mvc.method.annotation.RequestMappingHandlerAdapter - ControllerAdvice beans: 0 @ModelAttribute, 0 @InitBinder, 1 RequestBodyAdvice, 1 ResponseBodyAdvice
15:29:40.878 [Test worker] DEBUG org.springframework.web.servlet.mvc.method.annotation.ExceptionHandlerExceptionResolver - ControllerAdvice beans: 0 @ExceptionHandler, 1 ResponseBodyAdvice
15:29:40.880 [Test worker] INFO org.springframework.mock.web.MockServletContext - Initializing Spring TestDispatcherServlet ''
15:29:40.880 [Test worker] INFO org.springframework.test.web.servlet.TestDispatcherServlet - Initializing Servlet ''
15:29:40.880 [Test worker] DEBUG org.springframework.test.web.servlet.TestDispatcherServlet - Detected AcceptHeaderLocaleResolver
15:29:40.880 [Test worker] DEBUG org.springframework.test.web.servlet.TestDispatcherServlet - Detected FixedThemeResolver
15:29:40.880 [Test worker] DEBUG org.springframework.test.web.servlet.TestDispatcherServlet - Detected org.springframework.web.servlet.view.DefaultRequestToViewNameTranslator@4ecd00b5
15:29:40.880 [Test worker] DEBUG org.springframework.test.web.servlet.TestDispatcherServlet - Detected org.springframework.web.servlet.support.SessionFlashMapManager@10947c4e
15:29:40.880 [Test worker] DEBUG org.springframework.test.web.servlet.TestDispatcherServlet - enableLoggingRequestDetails='false': request parameters and headers will be masked to prevent unsafe logging of potentially sensitive data
15:29:40.881 [Test worker] INFO org.springframework.test.web.servlet.TestDispatcherServlet - Completed initialization in 1 ms
15:29:40.884 [Test worker] DEBUG org.springframework.test.web.servlet.TestDispatcherServlet - GET "/invoices/1", parameters={}
15:29:40.884 [Test worker] DEBUG org.springframework.web.servlet.mvc.method.annotation.RequestMappingHandlerMapping - Mapped to com.springboot.invoice.controller.InvoiceController#getInvoiceById(Long)
15:29:40.888 [Test worker] DEBUG org.springframework.web.servlet.mvc.method.annotation.HttpEntityMethodProcessor - Using 'application/json', given [*/*] and supported [application/json, application/*+json]
15:29:40.888 [Test worker] DEBUG org.springframework.web.servlet.mvc.method.annotation.HttpEntityMethodProcessor - Writing [com.springboot.invoice.model.Invoice@3330f3ad]
15:29:40.889 [Test worker] DEBUG org.springframework.test.web.servlet.TestDispatcherServlet - Completed 200 OK
15:29:40.897 [Test worker] DEBUG _org.springframework.web.servlet.HandlerMapping.Mappings - 
	c.s.i.c.InvoiceController:
	{POST [/invoices/process-overdue]}: processOverdueInvoices()
	{POST [/invoices]}: createInvoice(Invoice)
	{GET [/invoices/{id}]}: getInvoiceById(Long)
	{POST [/invoices/{id}/payments]}: payInvoice(Long,Payment)
	{GET [/invoices]}: getAllInvoices()
	{DELETE [/invoices/{id}]}: deleteInvoice(Long)
	{PUT [/invoices/{id}/payments]}: updatepaymentInvoice(Long,Payment)
15:29:40.899 [Test worker] DEBUG org.springframework.web.servlet.mvc.method.annotation.RequestMappingHandlerMapping - 7 mappings in org.springframework.web.servlet.mvc.method.annotation.RequestMappingHandlerMapping
15:29:40.902 [Test worker] DEBUG org.springframework.web.servlet.mvc.method.annotation.RequestMappingHandlerAdapter - ControllerAdvice beans: 0 @ModelAttribute, 0 @InitBinder, 1 RequestBodyAdvice, 1 ResponseBodyAdvice
15:29:40.908 [Test worker] DEBUG org.springframework.web.servlet.mvc.method.annotation.ExceptionHandlerExceptionResolver - ControllerAdvice beans: 0 @ExceptionHandler, 1 ResponseBodyAdvice
15:29:40.908 [Test worker] INFO org.springframework.mock.web.MockServletContext - Initializing Spring TestDispatcherServlet ''
15:29:40.908 [Test worker] INFO org.springframework.test.web.servlet.TestDispatcherServlet - Initializing Servlet ''
15:29:40.908 [Test worker] DEBUG org.springframework.test.web.servlet.TestDispatcherServlet - Detected AcceptHeaderLocaleResolver
15:29:40.908 [Test worker] DEBUG org.springframework.test.web.servlet.TestDispatcherServlet - Detected FixedThemeResolver
15:29:40.908 [Test worker] DEBUG org.springframework.test.web.servlet.TestDispatcherServlet - Detected org.springframework.web.servlet.view.DefaultRequestToViewNameTranslator@705a8dbc
15:29:40.908 [Test worker] DEBUG org.springframework.test.web.servlet.TestDispatcherServlet - Detected org.springframework.web.servlet.support.SessionFlashMapManager@40729f01
15:29:40.908 [Test worker] DEBUG org.springframework.test.web.servlet.TestDispatcherServlet - enableLoggingRequestDetails='false': request parameters and headers will be masked to prevent unsafe logging of potentially sensitive data
15:29:40.909 [Test worker] INFO org.springframework.test.web.servlet.TestDispatcherServlet - Completed initialization in 1 ms
15:29:40.910 [Test worker] DEBUG org.springframework.test.web.servlet.TestDispatcherServlet - POST "/invoices/process-overdue", parameters={}
15:29:40.910 [Test worker] DEBUG org.springframework.web.servlet.mvc.method.annotation.RequestMappingHandlerMapping - Mapped to com.springboot.invoice.controller.InvoiceController#processOverdueInvoices()
15:29:40.912 [Test worker] DEBUG org.springframework.web.servlet.mvc.method.annotation.HttpEntityMethodProcessor - Using 'text/plain', given [*/*] and supported [text/plain, */*, application/json, application/*+json]
15:29:40.913 [Test worker] DEBUG org.springframework.web.servlet.mvc.method.annotation.HttpEntityMethodProcessor - Writing ["Overdue invoices processed."]
15:29:40.915 [Test worker] DEBUG org.springframework.test.web.servlet.TestDispatcherServlet - Completed 200 OK
15:29:40.931 [Test worker] DEBUG _org.springframework.web.servlet.HandlerMapping.Mappings - 
	c.s.i.c.InvoiceController:
	{POST [/invoices/process-overdue]}: processOverdueInvoices()
	{POST [/invoices]}: createInvoice(Invoice)
	{GET [/invoices/{id}]}: getInvoiceById(Long)
	{POST [/invoices/{id}/payments]}: payInvoice(Long,Payment)
	{GET [/invoices]}: getAllInvoices()
	{DELETE [/invoices/{id}]}: deleteInvoice(Long)
	{PUT [/invoices/{id}/payments]}: updatepaymentInvoice(Long,Payment)
15:29:40.933 [Test worker] DEBUG org.springframework.web.servlet.mvc.method.annotation.RequestMappingHandlerMapping - 7 mappings in org.springframework.web.servlet.mvc.method.annotation.RequestMappingHandlerMapping
15:29:40.938 [Test worker] DEBUG org.springframework.web.servlet.mvc.method.annotation.RequestMappingHandlerAdapter - ControllerAdvice beans: 0 @ModelAttribute, 0 @InitBinder, 1 RequestBodyAdvice, 1 ResponseBodyAdvice
15:29:40.938 [Test worker] DEBUG org.springframework.web.servlet.mvc.method.annotation.ExceptionHandlerExceptionResolver - ControllerAdvice beans: 0 @ExceptionHandler, 1 ResponseBodyAdvice
15:29:40.938 [Test worker] INFO org.springframework.mock.web.MockServletContext - Initializing Spring TestDispatcherServlet ''
15:29:40.938 [Test worker] INFO org.springframework.test.web.servlet.TestDispatcherServlet - Initializing Servlet ''
15:29:40.942 [Test worker] DEBUG org.springframework.test.web.servlet.TestDispatcherServlet - Detected AcceptHeaderLocaleResolver
15:29:40.942 [Test worker] DEBUG org.springframework.test.web.servlet.TestDispatcherServlet - Detected FixedThemeResolver
15:29:40.942 [Test worker] DEBUG org.springframework.test.web.servlet.TestDispatcherServlet - Detected org.springframework.web.servlet.view.DefaultRequestToViewNameTranslator@45b15381
15:29:40.942 [Test worker] DEBUG org.springframework.test.web.servlet.TestDispatcherServlet - Detected org.springframework.web.servlet.support.SessionFlashMapManager@2dbfcf7
15:29:40.942 [Test worker] DEBUG org.springframework.test.web.servlet.TestDispatcherServlet - enableLoggingRequestDetails='false': request parameters and headers will be masked to prevent unsafe logging of potentially sensitive data
15:29:40.942 [Test worker] INFO org.springframework.test.web.servlet.TestDispatcherServlet - Completed initialization in 0 ms
15:29:40.947 [Test worker] DEBUG org.springframework.test.web.servlet.TestDispatcherServlet - POST "/invoices", parameters={}
15:29:40.947 [Test worker] DEBUG org.springframework.web.servlet.mvc.method.annotation.RequestMappingHandlerMapping - Mapped to com.springboot.invoice.controller.InvoiceController#createInvoice(Invoice)
15:29:40.949 [Test worker] DEBUG org.springframework.web.servlet.mvc.method.annotation.RequestResponseBodyMethodProcessor - Read "application/json" to [com.springboot.invoice.model.Invoice@1e4c6583]
15:29:40.950 [Test worker] DEBUG org.springframework.web.servlet.mvc.method.annotation.HttpEntityMethodProcessor - Using 'application/json', given [*/*] and supported [application/json, application/*+json]
15:29:40.951 [Test worker] DEBUG org.springframework.web.servlet.mvc.method.annotation.HttpEntityMethodProcessor - Nothing to write: null body
15:29:40.952 [Test worker] DEBUG org.springframework.test.web.servlet.TestDispatcherServlet - Completed 201 CREATED
15:29:40.957 [Test worker] DEBUG _org.springframework.web.servlet.HandlerMapping.Mappings - 
	c.s.i.c.InvoiceController:
	{POST [/invoices/process-overdue]}: processOverdueInvoices()
	{POST [/invoices]}: createInvoice(Invoice)
	{GET [/invoices/{id}]}: getInvoiceById(Long)
	{POST [/invoices/{id}/payments]}: payInvoice(Long,Payment)
	{GET [/invoices]}: getAllInvoices()
	{DELETE [/invoices/{id}]}: deleteInvoice(Long)
	{PUT [/invoices/{id}/payments]}: updatepaymentInvoice(Long,Payment)
15:29:40.957 [Test worker] DEBUG org.springframework.web.servlet.mvc.method.annotation.RequestMappingHandlerMapping - 7 mappings in org.springframework.web.servlet.mvc.method.annotation.RequestMappingHandlerMapping
15:29:40.966 [Test worker] DEBUG org.springframework.web.servlet.mvc.method.annotation.RequestMappingHandlerAdapter - ControllerAdvice beans: 0 @ModelAttribute, 0 @InitBinder, 1 RequestBodyAdvice, 1 ResponseBodyAdvice
15:29:40.969 [Test worker] DEBUG org.springframework.web.servlet.mvc.method.annotation.ExceptionHandlerExceptionResolver - ControllerAdvice beans: 0 @ExceptionHandler, 1 ResponseBodyAdvice
15:29:40.969 [Test worker] INFO org.springframework.mock.web.MockServletContext - Initializing Spring TestDispatcherServlet ''
15:29:40.969 [Test worker] INFO org.springframework.test.web.servlet.TestDispatcherServlet - Initializing Servlet ''
15:29:40.970 [Test worker] DEBUG org.springframework.test.web.servlet.TestDispatcherServlet - Detected AcceptHeaderLocaleResolver
15:29:40.970 [Test worker] DEBUG org.springframework.test.web.servlet.TestDispatcherServlet - Detected FixedThemeResolver
15:29:40.970 [Test worker] DEBUG org.springframework.test.web.servlet.TestDispatcherServlet - Detected org.springframework.web.servlet.view.DefaultRequestToViewNameTranslator@7bf01cb
15:29:40.970 [Test worker] DEBUG org.springframework.test.web.servlet.TestDispatcherServlet - Detected org.springframework.web.servlet.support.SessionFlashMapManager@2f382a5e
15:29:40.970 [Test worker] DEBUG org.springframework.test.web.servlet.TestDispatcherServlet - enableLoggingRequestDetails='false': request parameters and headers will be masked to prevent unsafe logging of potentially sensitive data
15:29:40.970 [Test worker] INFO org.springframework.test.web.servlet.TestDispatcherServlet - Completed initialization in 1 ms
15:29:40.973 [Test worker] DEBUG org.springframework.test.web.servlet.TestDispatcherServlet - PUT "/invoices/1/payments", parameters={}
15:29:40.973 [Test worker] DEBUG org.springframework.web.servlet.mvc.method.annotation.RequestMappingHandlerMapping - Mapped to com.springboot.invoice.controller.InvoiceController#updatepaymentInvoice(Long, Payment)
15:29:40.975 [Test worker] DEBUG org.springframework.web.servlet.mvc.method.annotation.RequestResponseBodyMethodProcessor - Read "application/json" to [com.springboot.invoice.model.Payment@12b5736c]
15:29:40.978 [Test worker] DEBUG org.springframework.web.servlet.mvc.method.annotation.HttpEntityMethodProcessor - Using 'application/json', given [*/*] and supported [application/json, application/*+json]
15:29:40.979 [Test worker] DEBUG org.springframework.web.servlet.mvc.method.annotation.HttpEntityMethodProcessor - Writing [com.springboot.invoice.model.Invoice@539a138b]
15:29:40.979 [Test worker] DEBUG org.springframework.test.web.servlet.TestDispatcherServlet - Completed 200 OK
]]></system-out>
  <system-err><![CDATA[]]></system-err>
</testsuite>
